<?xml version="1.0" encoding="UTF-8"?>
<coverage generated="1642516706465" clover="3.2.0">
  <project timestamp="1642516706465" name="All files">
    <metrics statements="21" coveredstatements="21" conditionals="12" coveredconditionals="10" methods="7" coveredmethods="7" elements="40" coveredelements="38" complexity="0" loc="21" ncloc="21" packages="1" files="3" classes="3"/>
    <file name="task1.js" path="D:\projects\exercises\tests\task1.js">
      <metrics statements="4" coveredstatements="4" conditionals="5" coveredconditionals="4" methods="1" coveredmethods="1"/>
      <line num="1" count="1" type="cond" truecount="0" falsecount="1"/>
      <line num="2" count="4" type="cond" truecount="2" falsecount="0"/>
      <line num="3" count="3" type="cond" truecount="2" falsecount="0"/>
      <line num="4" count="2" type="stmt"/>
    </file>
    <file name="task2.js" path="D:\projects\exercises\tests\task2.js">
      <metrics statements="1" coveredstatements="1" conditionals="1" coveredconditionals="0" methods="1" coveredmethods="1"/>
      <line num="1" count="2" type="cond" truecount="0" falsecount="1"/>
    </file>
    <file name="task3.js" path="D:\projects\exercises\tests\task3.js">
      <metrics statements="16" coveredstatements="16" conditionals="6" coveredconditionals="6" methods="5" coveredmethods="5"/>
      <line num="2" count="1" type="stmt"/>
      <line num="3" count="12" type="cond" truecount="4" falsecount="0"/>
      <line num="4" count="4" type="stmt"/>
      <line num="7" count="1" type="stmt"/>
      <line num="8" count="3" type="stmt"/>
      <line num="9" count="2" type="stmt"/>
      <line num="11" count="1" type="stmt"/>
      <line num="12" count="3" type="stmt"/>
      <line num="13" count="2" type="stmt"/>
      <line num="15" count="1" type="stmt"/>
      <line num="16" count="3" type="stmt"/>
      <line num="17" count="2" type="stmt"/>
      <line num="20" count="1" type="stmt"/>
      <line num="21" count="3" type="stmt"/>
      <line num="22" count="2" type="cond" truecount="2" falsecount="0"/>
      <line num="23" count="1" type="stmt"/>
    </file>
  </project>
</coverage>
