{"D:\\projects\\exercises\\tests\\task1.js": {"path":"D:\\projects\\exercises\\tests\\task1.js","statementMap":{"0":{"start":{"line":1,"column":30},"end":{"line":5,"column":1}},"1":{"start":{"line":2,"column":4},"end":{"line":4,"column":28}},"2":{"start":{"line":2,"column":24},"end":{"line":2,"column":85}},"3":{"start":{"line":3,"column":9},"end":{"line":4,"column":28}},"4":{"start":{"line":3,"column":28},"end":{"line":3,"column":83}},"5":{"start":{"line":4,"column":9},"end":{"line":4,"column":28}}},"fnMap":{"0":{"name":"(anonymous_0)","decl":{"start":{"line":1,"column":30},"end":{"line":1,"column":31}},"loc":{"start":{"line":1,"column":41},"end":{"line":5,"column":1}},"line":1}},"branchMap":{"0":{"loc":{"start":{"line":1,"column":31},"end":{"line":1,"column":38}},"type":"default-arg","locations":[{"start":{"line":1,"column":36},"end":{"line":1,"column":38}}],"line":1},"1":{"loc":{"start":{"line":2,"column":4},"end":{"line":4,"column":28}},"type":"if","locations":[{"start":{"line":2,"column":4},"end":{"line":4,"column":28}},{"start":{"line":3,"column":9},"end":{"line":4,"column":28}}],"line":2},"2":{"loc":{"start":{"line":3,"column":9},"end":{"line":4,"column":28}},"type":"if","locations":[{"start":{"line":3,"column":9},"end":{"line":4,"column":28}},{"start":{"line":4,"column":9},"end":{"line":4,"column":28}}],"line":3}},"s":{"0":1,"1":4,"2":1,"3":3,"4":1,"5":2},"f":{"0":4},"b":{"0":[0],"1":[1,3],"2":[1,2]},"_coverageSchema":"1a1c01bbd47fc00a2c39e90264f33305004495a9","hash":"78091a841f62b0dcd74c1e9f4c37f0c8071f80c7"}
,"D:\\projects\\exercises\\tests\\task2.js": {"path":"D:\\projects\\exercises\\tests\\task2.js","statementMap":{"0":{"start":{"line":1,"column":29},"end":{"line":1,"column":73}},"1":{"start":{"line":1,"column":41},"end":{"line":1,"column":73}}},"fnMap":{"0":{"name":"(anonymous_0)","decl":{"start":{"line":1,"column":29},"end":{"line":1,"column":30}},"loc":{"start":{"line":1,"column":41},"end":{"line":1,"column":73}},"line":1}},"branchMap":{"0":{"loc":{"start":{"line":1,"column":30},"end":{"line":1,"column":36}},"type":"default-arg","locations":[{"start":{"line":1,"column":34},"end":{"line":1,"column":36}}],"line":1}},"s":{"0":1,"1":2},"f":{"0":2},"b":{"0":[0]},"_coverageSchema":"1a1c01bbd47fc00a2c39e90264f33305004495a9","hash":"b251f5ddceeffaab41e0fbd956daa1b155b308ae"}
,"D:\\projects\\exercises\\tests\\task3.js": {"path":"D:\\projects\\exercises\\tests\\task3.js","statementMap":{"0":{"start":{"line":2,"column":16},"end":{"line":6,"column":5}},"1":{"start":{"line":3,"column":8},"end":{"line":5,"column":9}},"2":{"start":{"line":4,"column":12},"end":{"line":4,"column":55}},"3":{"start":{"line":7,"column":13},"end":{"line":10,"column":5}},"4":{"start":{"line":8,"column":8},"end":{"line":8,"column":29}},"5":{"start":{"line":9,"column":8},"end":{"line":9,"column":21}},"6":{"start":{"line":11,"column":10},"end":{"line":14,"column":5}},"7":{"start":{"line":12,"column":8},"end":{"line":12,"column":29}},"8":{"start":{"line":13,"column":8},"end":{"line":13,"column":19}},"9":{"start":{"line":15,"column":15},"end":{"line":18,"column":5}},"10":{"start":{"line":16,"column":8},"end":{"line":16,"column":29}},"11":{"start":{"line":17,"column":8},"end":{"line":17,"column":19}},"12":{"start":{"line":20,"column":13},"end":{"line":24,"column":5}},"13":{"start":{"line":21,"column":8},"end":{"line":21,"column":29}},"14":{"start":{"line":22,"column":8},"end":{"line":22,"column":59}},"15":{"start":{"line":22,"column":18},"end":{"line":22,"column":59}},"16":{"start":{"line":23,"column":8},"end":{"line":23,"column":18}}},"fnMap":{"0":{"name":"(anonymous_0)","decl":{"start":{"line":2,"column":16},"end":{"line":2,"column":17}},"loc":{"start":{"line":2,"column":23},"end":{"line":6,"column":5}},"line":2},"1":{"name":"(anonymous_1)","decl":{"start":{"line":7,"column":13},"end":{"line":7,"column":14}},"loc":{"start":{"line":7,"column":20},"end":{"line":10,"column":5}},"line":7},"2":{"name":"(anonymous_2)","decl":{"start":{"line":11,"column":10},"end":{"line":11,"column":11}},"loc":{"start":{"line":11,"column":17},"end":{"line":14,"column":5}},"line":11},"3":{"name":"(anonymous_3)","decl":{"start":{"line":15,"column":15},"end":{"line":15,"column":16}},"loc":{"start":{"line":15,"column":22},"end":{"line":18,"column":5}},"line":15},"4":{"name":"(anonymous_4)","decl":{"start":{"line":20,"column":13},"end":{"line":20,"column":14}},"loc":{"start":{"line":20,"column":20},"end":{"line":24,"column":5}},"line":20}},"branchMap":{"0":{"loc":{"start":{"line":3,"column":8},"end":{"line":5,"column":9}},"type":"if","locations":[{"start":{"line":3,"column":8},"end":{"line":5,"column":9}},{"start":{},"end":{}}],"line":3},"1":{"loc":{"start":{"line":3,"column":11},"end":{"line":3,"column":53}},"type":"binary-expr","locations":[{"start":{"line":3,"column":11},"end":{"line":3,"column":30}},{"start":{"line":3,"column":34},"end":{"line":3,"column":53}}],"line":3},"2":{"loc":{"start":{"line":22,"column":8},"end":{"line":22,"column":59}},"type":"if","locations":[{"start":{"line":22,"column":8},"end":{"line":22,"column":59}},{"start":{},"end":{}}],"line":22}},"s":{"0":1,"1":12,"2":4,"3":1,"4":3,"5":2,"6":1,"7":3,"8":2,"9":1,"10":3,"11":2,"12":1,"13":3,"14":2,"15":1,"16":1},"f":{"0":12,"1":3,"2":3,"3":3,"4":3},"b":{"0":[4,8],"1":[12,12],"2":[1,1]},"_coverageSchema":"1a1c01bbd47fc00a2c39e90264f33305004495a9","hash":"8bff95ae1a1fc2960e24d6e7b0a13a83df355e7a"}
}
