{"D:\\projects\\exercises\\tests\\task1.js": {"path":"D:\\projects\\exercises\\tests\\task1.js","statementMap":{"0":{"start":{"line":1,"column":30},"end":{"line":5,"column":1}},"1":{"start":{"line":2,"column":4},"end":{"line":4,"column":28}},"2":{"start":{"line":2,"column":24},"end":{"line":2,"column":85}},"3":{"start":{"line":3,"column":9},"end":{"line":4,"column":28}},"4":{"start":{"line":3,"column":28},"end":{"line":3,"column":83}},"5":{"start":{"line":4,"column":9},"end":{"line":4,"column":28}}},"fnMap":{"0":{"name":"(anonymous_0)","decl":{"start":{"line":1,"column":30},"end":{"line":1,"column":31}},"loc":{"start":{"line":1,"column":41},"end":{"line":5,"column":1}},"line":1}},"branchMap":{"0":{"loc":{"start":{"line":1,"column":31},"end":{"line":1,"column":38}},"type":"default-arg","locations":[{"start":{"line":1,"column":36},"end":{"line":1,"column":38}}],"line":1},"1":{"loc":{"start":{"line":2,"column":4},"end":{"line":4,"column":28}},"type":"if","locations":[{"start":{"line":2,"column":4},"end":{"line":4,"column":28}},{"start":{"line":3,"column":9},"end":{"line":4,"column":28}}],"line":2},"2":{"loc":{"start":{"line":3,"column":9},"end":{"line":4,"column":28}},"type":"if","locations":[{"start":{"line":3,"column":9},"end":{"line":4,"column":28}},{"start":{"line":4,"column":9},"end":{"line":4,"column":28}}],"line":3}},"s":{"0":1,"1":4,"2":1,"3":3,"4":1,"5":2},"f":{"0":4},"b":{"0":[1],"1":[1,3],"2":[1,2]},"_coverageSchema":"1a1c01bbd47fc00a2c39e90264f33305004495a9","hash":"78091a841f62b0dcd74c1e9f4c37f0c8071f80c7"}
}
