TN:
SF:task1.js
FN:1,(anonymous_0)
FNF:1
FNH:1
FNDA:4,(anonymous_0)
DA:1,1
DA:2,4
DA:3,3
DA:4,2
LF:4
LH:4
BRDA:1,0,0,0
BRDA:2,1,0,1
BRDA:2,1,1,3
BRDA:3,2,0,1
BRDA:3,2,1,2
BRF:5
BRH:4
end_of_record
TN:
SF:task2.js
FN:1,(anonymous_0)
FNF:1
FNH:1
FNDA:2,(anonymous_0)
DA:1,2
LF:1
LH:1
BRDA:1,0,0,0
BRF:1
BRH:0
end_of_record
TN:
SF:task3.js
FN:2,(anonymous_0)
FN:7,(anonymous_1)
FN:11,(anonymous_2)
FN:15,(anonymous_3)
FN:20,(anonymous_4)
FNF:5
FNH:5
FNDA:12,(anonymous_0)
FNDA:3,(anonymous_1)
FNDA:3,(anonymous_2)
FNDA:3,(anonymous_3)
FNDA:3,(anonymous_4)
DA:2,1
DA:3,12
DA:4,4
DA:7,1
DA:8,3
DA:9,2
DA:11,1
DA:12,3
DA:13,2
DA:15,1
DA:16,3
DA:17,2
DA:20,1
DA:21,3
DA:22,2
DA:23,1
LF:16
LH:16
BRDA:3,0,0,4
BRDA:3,0,1,8
BRDA:3,1,0,12
BRDA:3,1,1,12
BRDA:22,2,0,1
BRDA:22,2,1,1
BRF:6
BRH:6
end_of_record
